2014-11-08 00:01:09  [ main:201 ] - [ INFO ]  邮箱中共有[16]封邮件
2014-11-08 00:01:09  [ main:202 ] - [ INFO ]  上次轮询最大时间为:2014-11-07 23:57:11
2014-11-08 00:01:09  [ main:222 ] - [ INFO ]  开始处理第[1]封邮件,发送时间为[2011-04-24 13:34:32]...
2014-11-08 00:01:09  [ main:257 ] - [ INFO ]  第[1]封邮件发送时间[2011-04-24 13:34:32]小于或等于上次轮询时间[2014-11-07 23:57:11],跳过！
2014-11-08 00:01:09  [ main:264 ] - [ INFO ]  开始处理第[2]封邮件,发送时间为[2011-04-26 09:52:02]...
2014-11-08 00:01:09  [ main:265 ] - [ INFO ]  第[2]封邮件发送时间[2011-04-26 09:52:02]小于或等于上次轮询时间[2014-11-07 23:57:11],跳过！
2014-11-08 00:01:09  [ main:271 ] - [ INFO ]  开始处理第[3]封邮件,发送时间为[2011-04-26 10:37:42]...
2014-11-08 00:01:09  [ main:271 ] - [ INFO ]  第[3]封邮件发送时间[2011-04-26 10:37:42]小于或等于上次轮询时间[2014-11-07 23:57:11],跳过！
2014-11-08 00:01:09  [ main:277 ] - [ INFO ]  开始处理第[4]封邮件,发送时间为[2011-04-27 16:48:35]...
2014-11-08 00:01:09  [ main:278 ] - [ INFO ]  第[4]封邮件发送时间[2011-04-27 16:48:35]小于或等于上次轮询时间[2014-11-07 23:57:11],跳过！
2014-11-08 00:01:09  [ main:283 ] - [ INFO ]  开始处理第[5]封邮件,发送时间为[2011-04-27 17:17:42]...
2014-11-08 00:01:09  [ main:284 ] - [ INFO ]  第[5]封邮件发送时间[2011-04-27 17:17:42]小于或等于上次轮询时间[2014-11-07 23:57:11],跳过！
2014-11-08 00:01:09  [ main:288 ] - [ INFO ]  开始处理第[6]封邮件,发送时间为[2014-10-30 21:27:59]...
2014-11-08 00:01:09  [ main:288 ] - [ INFO ]  第[6]封邮件发送时间[2014-10-30 21:27:59]小于或等于上次轮询时间[2014-11-07 23:57:11],跳过！
2014-11-08 00:01:09  [ main:293 ] - [ INFO ]  开始处理第[7]封邮件,发送时间为[2014-10-31 00:58:53]...
2014-11-08 00:01:09  [ main:294 ] - [ INFO ]  第[7]封邮件发送时间[2014-10-31 00:58:53]小于或等于上次轮询时间[2014-11-07 23:57:11],跳过！
2014-11-08 00:01:09  [ main:298 ] - [ INFO ]  开始处理第[8]封邮件,发送时间为[2014-10-31 00:58:54]...
2014-11-08 00:01:09  [ main:299 ] - [ INFO ]  第[8]封邮件发送时间[2014-10-31 00:58:54]小于或等于上次轮询时间[2014-11-07 23:57:11],跳过！
2014-11-08 00:01:09  [ main:303 ] - [ INFO ]  开始处理第[9]封邮件,发送时间为[2014-11-07 22:42:25]...
2014-11-08 00:01:09  [ main:304 ] - [ INFO ]  第[9]封邮件发送时间[2014-11-07 22:42:25]小于或等于上次轮询时间[2014-11-07 23:57:11],跳过！
2014-11-08 00:01:09  [ main:309 ] - [ INFO ]  开始处理第[10]封邮件,发送时间为[2014-11-07 23:06:11]...
2014-11-08 00:01:09  [ main:310 ] - [ INFO ]  第[10]封邮件发送时间[2014-11-07 23:06:11]小于或等于上次轮询时间[2014-11-07 23:57:11],跳过！
2014-11-08 00:01:09  [ main:315 ] - [ INFO ]  开始处理第[11]封邮件,发送时间为[2014-11-07 23:55:26]...
2014-11-08 00:01:09  [ main:316 ] - [ INFO ]  第[11]封邮件发送时间[2014-11-07 23:55:26]小于或等于上次轮询时间[2014-11-07 23:57:11],跳过！
2014-11-08 00:01:09  [ main:320 ] - [ INFO ]  开始处理第[12]封邮件,发送时间为[2014-11-07 23:55:38]...
2014-11-08 00:01:09  [ main:320 ] - [ INFO ]  第[12]封邮件发送时间[2014-11-07 23:55:38]小于或等于上次轮询时间[2014-11-07 23:57:11],跳过！
2014-11-08 00:01:09  [ main:325 ] - [ INFO ]  开始处理第[13]封邮件,发送时间为[2014-11-07 23:57:11]...
2014-11-08 00:01:09  [ main:326 ] - [ INFO ]  第[13]封邮件发送时间[2014-11-07 23:57:11]小于或等于上次轮询时间[2014-11-07 23:57:11],跳过！
2014-11-08 00:01:09  [ main:331 ] - [ INFO ]  开始处理第[14]封邮件,发送时间为[2014-11-07 23:59:10]...
2014-11-08 00:01:09  [ main:331 ] - [ INFO ]  第[14]封邮件发送时间[2014-11-07 23:59:10]大于上次轮询时间[2014-11-07 23:57:11],开始处理
2014-11-08 00:01:09  [ main:332 ] - [ INFO ]  第[14]封邮件主题为[Re:收稿反馈]
2014-11-08 00:01:09  [ main:332 ] - [ INFO ]  第[14]封邮件不符合规则,记入需要人工核对邮件列表,跳过...
2014-11-08 00:01:09  [ main:341 ] - [ INFO ]  开始处理第[15]封邮件,发送时间为[2014-11-07 23:59:41]...
2014-11-08 00:01:09  [ main:341 ] - [ INFO ]  第[15]封邮件发件人为[2640270364@qq.com],为垃圾邮件,删除,跳过...
2014-11-08 00:01:09  [ main:346 ] - [ INFO ]  开始处理第[16]封邮件,发送时间为[2014-11-08 00:00:28]...
2014-11-08 00:01:09  [ main:346 ] - [ INFO ]  第[16]封邮件发送时间[2014-11-08 00:00:28]大于上次轮询时间[2014-11-07 23:57:11],开始处理
2014-11-08 00:01:09  [ main:347 ] - [ INFO ]  第[16]封邮件主题为[[投稿]-111]
2014-11-08 00:01:09  [ main:347 ] - [ INFO ]  第[16]封邮件符合规则,开始解析
2014-11-08 00:01:09  [ main:347 ] - [ INFO ]  第[16]封邮件来自[qyjwnn@126.com]
2014-11-08 00:01:09  [ main:347 ] - [ INFO ]  开始向[qyjwnn@126.com]发送反馈邮件
2014-11-08 00:01:10  [ main:908 ] - [ INFO ]  第[16]封邮件处理完毕...
