2015-03-08 21:45:15  [ main:4684 ] - [ DEBUG ]  Could not find template in cache, creating new one; id=[template/1stcheck.ftl[zh_CN,utf-8,parsed] ]
2015-03-08 21:45:15  [ main:4712 ] - [ DEBUG ]  Compiling FreeMarker template template/1stcheck.ftl[zh_CN,utf-8,parsed]  from G:\workspace\ManuscriptCollector\template\1stcheck.ftl
2015-03-08 21:45:24  [ main:13511 ] - [ DEBUG ]  Could not find template in cache, creating new one; id=[template/reply.ftl[zh_CN,utf-8,parsed] ]
2015-03-08 21:45:24  [ main:13537 ] - [ DEBUG ]  Compiling FreeMarker template template/reply.ftl[zh_CN,utf-8,parsed]  from G:\workspace\ManuscriptCollector\template\reply.ftl
2015-03-08 21:45:27  [ main:16364 ] - [ DEBUG ]  template/1stcheck.ftl[zh_CN,utf-8,parsed] using cached since G:\workspace\ManuscriptCollector\template\1stcheck.ftl didn't change.
2015-03-08 21:45:27  [ main:16413 ] - [ DEBUG ]  template/reply.ftl[zh_CN,utf-8,parsed] cached copy not yet stale; using cached.
2015-03-08 21:50:49  [ main:3656 ] - [ DEBUG ]  Could not find template in cache, creating new one; id=[template/1stcheck.ftl[zh_CN,utf-8,parsed] ]
2015-03-08 21:50:49  [ main:3658 ] - [ DEBUG ]  Compiling FreeMarker template template/1stcheck.ftl[zh_CN,utf-8,parsed]  from G:\workspace\ManuscriptCollector\template\1stcheck.ftl
2015-03-08 21:51:04  [ main:19348 ] - [ DEBUG ]  Could not find template in cache, creating new one; id=[template/reply.ftl[zh_CN,utf-8,parsed] ]
2015-03-08 21:51:04  [ main:19350 ] - [ DEBUG ]  Compiling FreeMarker template template/reply.ftl[zh_CN,utf-8,parsed]  from G:\workspace\ManuscriptCollector\template\reply.ftl
2015-03-08 21:51:06  [ main:21178 ] - [ DEBUG ]  template/1stcheck.ftl[zh_CN,utf-8,parsed] using cached since G:\workspace\ManuscriptCollector\template\1stcheck.ftl didn't change.
2015-03-08 21:51:06  [ main:21193 ] - [ DEBUG ]  template/reply.ftl[zh_CN,utf-8,parsed] cached copy not yet stale; using cached.
2015-03-08 21:53:05  [ main:3438 ] - [ DEBUG ]  Could not find template in cache, creating new one; id=[template/1stcheck.ftl[zh_CN,utf-8,parsed] ]
2015-03-08 21:53:05  [ main:3441 ] - [ DEBUG ]  Compiling FreeMarker template template/1stcheck.ftl[zh_CN,utf-8,parsed]  from G:\workspace\ManuscriptCollector\template\1stcheck.ftl
2015-03-08 21:53:21  [ main:19844 ] - [ DEBUG ]  Could not find template in cache, creating new one; id=[template/reply.ftl[zh_CN,utf-8,parsed] ]
2015-03-08 21:53:21  [ main:19844 ] - [ DEBUG ]  Compiling FreeMarker template template/reply.ftl[zh_CN,utf-8,parsed]  from G:\workspace\ManuscriptCollector\template\reply.ftl
2015-03-08 21:53:23  [ main:21294 ] - [ DEBUG ]  template/1stcheck.ftl[zh_CN,utf-8,parsed] using cached since G:\workspace\ManuscriptCollector\template\1stcheck.ftl didn't change.
2015-03-08 21:53:23  [ main:21316 ] - [ DEBUG ]  template/reply.ftl[zh_CN,utf-8,parsed] cached copy not yet stale; using cached.
2015-03-08 22:04:04  [ main:3753 ] - [ DEBUG ]  Could not find template in cache, creating new one; id=[template/1stcheck.ftl[zh_CN,utf-8,parsed] ]
2015-03-08 22:04:04  [ main:3757 ] - [ DEBUG ]  Compiling FreeMarker template template/1stcheck.ftl[zh_CN,utf-8,parsed]  from G:\workspace\ManuscriptCollector\template\1stcheck.ftl
2015-03-08 22:04:19  [ main:18632 ] - [ DEBUG ]  Could not find template in cache, creating new one; id=[template/reply.ftl[zh_CN,utf-8,parsed] ]
2015-03-08 22:04:19  [ main:18632 ] - [ DEBUG ]  Compiling FreeMarker template template/reply.ftl[zh_CN,utf-8,parsed]  from G:\workspace\ManuscriptCollector\template\reply.ftl
2015-03-08 22:04:20  [ main:19712 ] - [ DEBUG ]  template/1stcheck.ftl[zh_CN,utf-8,parsed] using cached since G:\workspace\ManuscriptCollector\template\1stcheck.ftl didn't change.
2015-03-08 22:04:20  [ main:19727 ] - [ DEBUG ]  template/reply.ftl[zh_CN,utf-8,parsed] cached copy not yet stale; using cached.
2015-03-08 22:06:16  [ main:3503 ] - [ DEBUG ]  Could not find template in cache, creating new one; id=[template/1stcheck.ftl[zh_CN,utf-8,parsed] ]
2015-03-08 22:06:16  [ main:3508 ] - [ DEBUG ]  Compiling FreeMarker template template/1stcheck.ftl[zh_CN,utf-8,parsed]  from G:\workspace\ManuscriptCollector\template\1stcheck.ftl
2015-03-08 22:06:32  [ main:19340 ] - [ DEBUG ]  Could not find template in cache, creating new one; id=[template/reply.ftl[zh_CN,utf-8,parsed] ]
2015-03-08 22:06:32  [ main:19340 ] - [ DEBUG ]  Compiling FreeMarker template template/reply.ftl[zh_CN,utf-8,parsed]  from G:\workspace\ManuscriptCollector\template\reply.ftl
2015-03-08 22:06:33  [ main:20246 ] - [ DEBUG ]  template/1stcheck.ftl[zh_CN,utf-8,parsed] using cached since G:\workspace\ManuscriptCollector\template\1stcheck.ftl didn't change.
2015-03-08 22:06:33  [ main:20259 ] - [ DEBUG ]  template/reply.ftl[zh_CN,utf-8,parsed] cached copy not yet stale; using cached.
