2014-11-12 03:56:34  [ main:0 ] - [ INFO ]  mail_receive_host:pop3.163.com
2014-11-12 03:56:34  [ main:4 ] - [ INFO ]  mail_send_host:smtp.163.com
2014-11-12 03:56:34  [ main:4 ] - [ INFO ]  mail_username:unionpaykssadmin
2014-11-12 03:56:34  [ main:4 ] - [ INFO ]  mail_password:cup-1234
2014-11-12 03:56:34  [ main:5 ] - [ INFO ]  black_email_list:390353822@qq.com,2640270364@qq.com
2014-11-12 03:56:34  [ main:5 ] - [ INFO ]  my_mail_address:unionpaykssadmin@163.com
2014-11-12 03:59:54  [ main:0 ] - [ INFO ]  mail_receive_host:pop3.163.com
2014-11-12 03:59:54  [ main:1 ] - [ INFO ]  mail_send_host:smtp.163.com
2014-11-12 03:59:54  [ main:1 ] - [ INFO ]  mail_username:unionpaykssadmin
2014-11-12 03:59:54  [ main:1 ] - [ INFO ]  mail_password:cup-1234
2014-11-12 03:59:54  [ main:1 ] - [ INFO ]  black_email_list:390353822@qq.com,2640270364@qq.com
2014-11-12 03:59:54  [ main:1 ] - [ INFO ]  my_mail_address:unionpaykssadmin@163.com
2014-11-12 04:10:42  [ main:0 ] - [ INFO ]  mail_receive_host:pop3.163.com
2014-11-12 04:10:42  [ main:1 ] - [ INFO ]  mail_send_host:smtp.163.com
2014-11-12 04:10:42  [ main:1 ] - [ INFO ]  mail_username:unionpaykssadmin
2014-11-12 04:10:42  [ main:1 ] - [ INFO ]  mail_password:cup-1234
2014-11-12 04:10:42  [ main:2 ] - [ INFO ]  black_email_list:390353822@qq.com,2640270364@qq.com
2014-11-12 04:10:42  [ main:2 ] - [ INFO ]  my_mail_address:unionpaykssadmin@163.com
2014-11-12 04:11:04  [ main:0 ] - [ INFO ]  mail_receive_host:pop3.163.com
2014-11-12 04:11:04  [ main:0 ] - [ INFO ]  mail_send_host:smtp.163.com
2014-11-12 04:11:04  [ main:0 ] - [ INFO ]  mail_username:unionpaykssadmin
2014-11-12 04:11:04  [ main:1 ] - [ INFO ]  mail_password:cup-1234
2014-11-12 04:11:04  [ main:1 ] - [ INFO ]  black_email_list:390353822@qq.com,2640270364@qq.com
2014-11-12 04:11:04  [ main:1 ] - [ INFO ]  my_mail_address:unionpaykssadmin@163.com
2014-11-12 04:15:55  [ main:0 ] - [ INFO ]  mail_receive_host:pop3.163.com
2014-11-12 04:15:55  [ main:1 ] - [ INFO ]  mail_send_host:smtp.163.com
2014-11-12 04:15:55  [ main:1 ] - [ INFO ]  mail_username:unionpaykssadmin
2014-11-12 04:15:55  [ main:1 ] - [ INFO ]  mail_password:cup-1234
2014-11-12 04:15:55  [ main:1 ] - [ INFO ]  black_email_list:390353822@qq.com
2014-11-12 04:15:55  [ main:1 ] - [ INFO ]  my_mail_address:unionpaykssadmin@163.com
2014-11-12 04:16:10  [ main:0 ] - [ INFO ]  mail_receive_host:pop3.163.com
2014-11-12 04:16:10  [ main:1 ] - [ INFO ]  mail_send_host:smtp.163.com
2014-11-12 04:16:10  [ main:1 ] - [ INFO ]  mail_username:unionpaykssadmin
2014-11-12 04:16:10  [ main:1 ] - [ INFO ]  mail_password:cup-1234
2014-11-12 04:16:10  [ main:1 ] - [ INFO ]  black_email_list:390353822@qq.com
2014-11-12 04:16:10  [ main:1 ] - [ INFO ]  my_mail_address:unionpaykssadmin@163.com
2014-11-12 04:23:53  [ main:0 ] - [ INFO ]  mail_receive_host:pop3.163.com
2014-11-12 04:23:53  [ main:1 ] - [ INFO ]  mail_send_host:smtp.163.com
2014-11-12 04:23:53  [ main:1 ] - [ INFO ]  mail_username:unionpaykssadmin
2014-11-12 04:23:53  [ main:1 ] - [ INFO ]  mail_password:cup-1234
2014-11-12 04:23:53  [ main:2 ] - [ INFO ]  black_email_list:390353822@qq.com
2014-11-12 04:23:53  [ main:2 ] - [ INFO ]  my_mail_address:unionpaykssadmin@163.com
2014-11-12 04:26:02  [ main:0 ] - [ INFO ]  mail_receive_host:pop3.163.com
2014-11-12 04:26:02  [ main:2 ] - [ INFO ]  mail_send_host:smtp.163.com
2014-11-12 04:26:02  [ main:2 ] - [ INFO ]  mail_username:unionpaykssadmin
2014-11-12 04:26:02  [ main:2 ] - [ INFO ]  mail_password:cup-1234
2014-11-12 04:26:02  [ main:2 ] - [ INFO ]  black_email_list:390353822@qq.com
2014-11-12 04:26:02  [ main:2 ] - [ INFO ]  my_mail_address:unionpaykssadmin@163.com
2014-11-12 04:28:07  [ main:0 ] - [ INFO ]  mail_receive_host:pop3.163.com
2014-11-12 04:28:07  [ main:1 ] - [ INFO ]  mail_send_host:smtp.163.com
2014-11-12 04:28:07  [ main:1 ] - [ INFO ]  mail_username:unionpaykssadmin
2014-11-12 04:28:07  [ main:1 ] - [ INFO ]  mail_password:cup-1234
2014-11-12 04:28:07  [ main:1 ] - [ INFO ]  black_email_list:390353822@qq.com
2014-11-12 04:28:07  [ main:1 ] - [ INFO ]  my_mail_address:unionpaykssadmin@163.com
2014-11-12 04:31:08  [ main:0 ] - [ INFO ]  mail_receive_host:pop3.163.com
2014-11-12 04:31:08  [ main:1 ] - [ INFO ]  mail_send_host:smtp.163.com
2014-11-12 04:31:08  [ main:1 ] - [ INFO ]  mail_username:unionpaykssadmin
2014-11-12 04:31:08  [ main:1 ] - [ INFO ]  mail_password:cup-1234
2014-11-12 04:31:08  [ main:1 ] - [ INFO ]  black_email_list:390353822@qq.com
2014-11-12 04:31:08  [ main:1 ] - [ INFO ]  my_mail_address:unionpaykssadmin@163.com
2014-11-12 05:02:40  [ main:1 ] - [ INFO ]  mail_receive_host:pop3.163.com
2014-11-12 05:02:40  [ main:2 ] - [ INFO ]  mail_send_host:smtp.163.com
2014-11-12 05:02:40  [ main:2 ] - [ INFO ]  mail_username:unionpaykssadmin
2014-11-12 05:02:40  [ main:2 ] - [ INFO ]  mail_password:cup-1234
2014-11-12 05:02:40  [ main:2 ] - [ INFO ]  black_email_list:390353822@qq.com
2014-11-12 05:02:40  [ main:2 ] - [ INFO ]  my_mail_address:unionpaykssadmin@163.com
2014-11-12 05:02:57  [ main:0 ] - [ INFO ]  mail_receive_host:pop3.163.com
2014-11-12 05:02:57  [ main:1 ] - [ INFO ]  mail_send_host:smtp.163.com
2014-11-12 05:02:57  [ main:1 ] - [ INFO ]  mail_username:unionpaykssadmin
2014-11-12 05:02:57  [ main:1 ] - [ INFO ]  mail_password:cup-1234
2014-11-12 05:02:57  [ main:1 ] - [ INFO ]  black_email_list:390353822@qq.com
2014-11-12 05:02:57  [ main:1 ] - [ INFO ]  my_mail_address:unionpaykssadmin@163.com
2014-11-12 05:05:33  [ main:0 ] - [ INFO ]  mail_receive_host:pop3.163.com
2014-11-12 05:05:33  [ main:1 ] - [ INFO ]  mail_send_host:smtp.163.com
2014-11-12 05:05:33  [ main:1 ] - [ INFO ]  mail_username:unionpaykssadmin
2014-11-12 05:05:33  [ main:1 ] - [ INFO ]  mail_password:cup-1234
2014-11-12 05:05:33  [ main:1 ] - [ INFO ]  black_email_list:390353822@qq.com
2014-11-12 05:05:33  [ main:1 ] - [ INFO ]  my_mail_address:unionpaykssadmin@163.com
2014-11-12 05:05:46  [ main:0 ] - [ INFO ]  mail_receive_host:pop3.163.com
2014-11-12 05:05:46  [ main:1 ] - [ INFO ]  mail_send_host:smtp.163.com
2014-11-12 05:05:46  [ main:1 ] - [ INFO ]  mail_username:unionpaykssadmin
2014-11-12 05:05:46  [ main:1 ] - [ INFO ]  mail_password:cup-1234
2014-11-12 05:05:46  [ main:1 ] - [ INFO ]  black_email_list:390353822@qq.com
2014-11-12 05:05:46  [ main:1 ] - [ INFO ]  my_mail_address:unionpaykssadmin@163.com
2014-11-12 05:06:07  [ main:0 ] - [ INFO ]  mail_receive_host:pop3.163.com
2014-11-12 05:06:07  [ main:1 ] - [ INFO ]  mail_send_host:smtp.163.com
2014-11-12 05:06:07  [ main:1 ] - [ INFO ]  mail_username:unionpaykssadmin
2014-11-12 05:06:07  [ main:1 ] - [ INFO ]  mail_password:cup-1234
2014-11-12 05:06:07  [ main:1 ] - [ INFO ]  black_email_list:390353822@qq.com
2014-11-12 05:06:07  [ main:1 ] - [ INFO ]  my_mail_address:unionpaykssadmin@163.com
2014-11-12 05:06:40  [ main:0 ] - [ INFO ]  mail_receive_host:pop3.163.com
2014-11-12 05:06:40  [ main:2 ] - [ INFO ]  mail_send_host:smtp.163.com
2014-11-12 05:06:40  [ main:2 ] - [ INFO ]  mail_username:unionpaykssadmin
2014-11-12 05:06:40  [ main:2 ] - [ INFO ]  mail_password:cup-1234
2014-11-12 05:06:40  [ main:2 ] - [ INFO ]  black_email_list:390353822@qq.com
2014-11-12 05:06:40  [ main:2 ] - [ INFO ]  my_mail_address:unionpaykssadmin@163.com
2014-11-12 05:07:39  [ main:0 ] - [ INFO ]  mail_receive_host:pop3.163.com
2014-11-12 05:07:39  [ main:1 ] - [ INFO ]  mail_send_host:smtp.163.com
2014-11-12 05:07:39  [ main:2 ] - [ INFO ]  mail_username:unionpaykssadmin
2014-11-12 05:07:39  [ main:2 ] - [ INFO ]  mail_password:cup-1234
2014-11-12 05:07:39  [ main:2 ] - [ INFO ]  black_email_list:390353822@qq.com
2014-11-12 05:07:39  [ main:2 ] - [ INFO ]  my_mail_address:unionpaykssadmin@163.com
2014-11-12 05:08:05  [ main:0 ] - [ INFO ]  mail_receive_host:pop3.163.com
2014-11-12 05:08:05  [ main:1 ] - [ INFO ]  mail_send_host:smtp.163.com
2014-11-12 05:08:05  [ main:1 ] - [ INFO ]  mail_username:unionpaykssadmin
2014-11-12 05:08:05  [ main:1 ] - [ INFO ]  mail_password:cup-1234
2014-11-12 05:08:05  [ main:1 ] - [ INFO ]  black_email_list:390353822@qq.com
2014-11-12 05:08:05  [ main:1 ] - [ INFO ]  my_mail_address:unionpaykssadmin@163.com
2014-11-12 05:08:31  [ main:0 ] - [ INFO ]  mail_receive_host:pop3.163.com
2014-11-12 05:08:31  [ main:1 ] - [ INFO ]  mail_send_host:smtp.163.com
2014-11-12 05:08:31  [ main:1 ] - [ INFO ]  mail_username:unionpaykssadmin
2014-11-12 05:08:31  [ main:1 ] - [ INFO ]  mail_password:cup-1234
2014-11-12 05:08:31  [ main:1 ] - [ INFO ]  black_email_list:390353822@qq.com
2014-11-12 05:08:31  [ main:2 ] - [ INFO ]  my_mail_address:unionpaykssadmin@163.com
2014-11-12 05:10:16  [ main:0 ] - [ INFO ]  mail_receive_host:pop3.163.com
2014-11-12 05:10:16  [ main:4 ] - [ INFO ]  mail_send_host:smtp.163.com
2014-11-12 05:10:16  [ main:4 ] - [ INFO ]  mail_username:unionpaykssadmin
2014-11-12 05:10:16  [ main:5 ] - [ INFO ]  mail_password:cup-1234
2014-11-12 05:10:16  [ main:5 ] - [ INFO ]  black_email_list:390353822@qq.com
2014-11-12 05:10:16  [ main:5 ] - [ INFO ]  my_mail_address:unionpaykssadmin@163.com
2014-11-12 05:12:49  [ main:0 ] - [ INFO ]  mail_receive_host:pop3.163.com
2014-11-12 05:12:49  [ main:1 ] - [ INFO ]  mail_send_host:smtp.163.com
2014-11-12 05:12:49  [ main:1 ] - [ INFO ]  mail_username:unionpaykssadmin
2014-11-12 05:12:49  [ main:1 ] - [ INFO ]  mail_password:cup-1234
2014-11-12 05:12:49  [ main:1 ] - [ INFO ]  black_email_list:390353822@qq.com
2014-11-12 05:12:49  [ main:2 ] - [ INFO ]  my_mail_address:unionpaykssadmin@163.com
2014-11-12 05:14:06  [ main:0 ] - [ INFO ]  mail_receive_host:pop3.163.com
2014-11-12 05:14:06  [ main:1 ] - [ INFO ]  mail_send_host:smtp.163.com
2014-11-12 05:14:06  [ main:1 ] - [ INFO ]  mail_username:unionpaykssadmin
2014-11-12 05:14:06  [ main:1 ] - [ INFO ]  mail_password:cup-1234
2014-11-12 05:14:06  [ main:1 ] - [ INFO ]  black_email_list:390353822@qq.com
2014-11-12 05:14:06  [ main:1 ] - [ INFO ]  my_mail_address:unionpaykssadmin@163.com
2014-11-12 05:18:34  [ main:0 ] - [ INFO ]  mail_receive_host:pop3.163.com
2014-11-12 05:18:34  [ main:1 ] - [ INFO ]  mail_send_host:smtp.163.com
2014-11-12 05:18:34  [ main:1 ] - [ INFO ]  mail_username:unionpaykssadmin
2014-11-12 05:18:34  [ main:1 ] - [ INFO ]  mail_password:cup-1234
2014-11-12 05:18:34  [ main:1 ] - [ INFO ]  black_email_list:390353822@qq.com
2014-11-12 05:18:34  [ main:1 ] - [ INFO ]  my_mail_address:unionpaykssadmin@163.com
2014-11-12 05:19:12  [ main:0 ] - [ INFO ]  mail_receive_host:pop3.163.com
2014-11-12 05:19:12  [ main:1 ] - [ INFO ]  mail_send_host:smtp.163.com
2014-11-12 05:19:12  [ main:2 ] - [ INFO ]  mail_username:unionpaykssadmin
2014-11-12 05:19:12  [ main:2 ] - [ INFO ]  mail_password:cup-1234
2014-11-12 05:19:12  [ main:2 ] - [ INFO ]  black_email_list:390353822@qq.com
2014-11-12 05:19:12  [ main:2 ] - [ INFO ]  my_mail_address:unionpaykssadmin@163.com
2014-11-12 05:19:41  [ main:0 ] - [ INFO ]  mail_receive_host:pop3.163.com
2014-11-12 05:19:41  [ main:1 ] - [ INFO ]  mail_send_host:smtp.163.com
2014-11-12 05:19:41  [ main:1 ] - [ INFO ]  mail_username:unionpaykssadmin
2014-11-12 05:19:41  [ main:2 ] - [ INFO ]  mail_password:cup-1234
2014-11-12 05:19:41  [ main:2 ] - [ INFO ]  black_email_list:390353822@qq.com
2014-11-12 05:19:41  [ main:2 ] - [ INFO ]  my_mail_address:unionpaykssadmin@163.com
2014-11-12 05:26:21  [ main:0 ] - [ INFO ]  mail_receive_host:pop3.163.com
2014-11-12 05:26:21  [ main:1 ] - [ INFO ]  mail_send_host:smtp.163.com
2014-11-12 05:26:21  [ main:1 ] - [ INFO ]  mail_username:unionpaykssadmin
2014-11-12 05:26:21  [ main:1 ] - [ INFO ]  mail_password:cup-1234
2014-11-12 05:26:21  [ main:1 ] - [ INFO ]  black_email_list:390353822@qq.com
2014-11-12 05:26:21  [ main:1 ] - [ INFO ]  my_mail_address:unionpaykssadmin@163.com
2014-11-12 05:26:34  [ main:0 ] - [ INFO ]  mail_receive_host:pop3.163.com
2014-11-12 05:26:34  [ main:1 ] - [ INFO ]  mail_send_host:smtp.163.com
2014-11-12 05:26:34  [ main:1 ] - [ INFO ]  mail_username:unionpaykssadmin
2014-11-12 05:26:34  [ main:1 ] - [ INFO ]  mail_password:cup-1234
2014-11-12 05:26:34  [ main:1 ] - [ INFO ]  black_email_list:390353822@qq.com
2014-11-12 05:26:34  [ main:1 ] - [ INFO ]  my_mail_address:unionpaykssadmin@163.com
2014-11-12 05:27:59  [ main:0 ] - [ INFO ]  mail_receive_host:pop3.163.com
2014-11-12 05:27:59  [ main:0 ] - [ INFO ]  mail_send_host:smtp.163.com
2014-11-12 05:27:59  [ main:1 ] - [ INFO ]  mail_username:unionpaykssadmin
2014-11-12 05:27:59  [ main:3 ] - [ INFO ]  mail_password:cup-1234
2014-11-12 05:27:59  [ main:4 ] - [ INFO ]  black_email_list:390353822@qq.com
2014-11-12 05:27:59  [ main:4 ] - [ INFO ]  my_mail_address:unionpaykssadmin@163.com
2014-11-12 05:28:43  [ main:0 ] - [ INFO ]  mail_receive_host:pop3.163.com
2014-11-12 05:28:43  [ main:1 ] - [ INFO ]  mail_send_host:smtp.163.com
2014-11-12 05:28:43  [ main:1 ] - [ INFO ]  mail_username:unionpaykssadmin
2014-11-12 05:28:43  [ main:1 ] - [ INFO ]  mail_password:cup-1234
2014-11-12 05:28:43  [ main:1 ] - [ INFO ]  black_email_list:390353822@qq.com
2014-11-12 05:28:43  [ main:2 ] - [ INFO ]  my_mail_address:unionpaykssadmin@163.com
2014-11-12 05:29:58  [ main:0 ] - [ INFO ]  mail_receive_host:pop3.163.com
2014-11-12 05:29:58  [ main:1 ] - [ INFO ]  mail_send_host:smtp.163.com
2014-11-12 05:29:58  [ main:1 ] - [ INFO ]  mail_username:unionpaykssadmin
2014-11-12 05:29:58  [ main:1 ] - [ INFO ]  mail_password:cup-1234
2014-11-12 05:29:58  [ main:1 ] - [ INFO ]  black_email_list:390353822@qq.com
2014-11-12 05:29:58  [ main:1 ] - [ INFO ]  my_mail_address:unionpaykssadmin@163.com
2014-11-12 05:30:05  [ main:0 ] - [ INFO ]  mail_receive_host:pop3.163.com
2014-11-12 05:30:05  [ main:7 ] - [ INFO ]  mail_send_host:smtp.163.com
2014-11-12 05:30:05  [ main:7 ] - [ INFO ]  mail_username:unionpaykssadmin
2014-11-12 05:30:05  [ main:7 ] - [ INFO ]  mail_password:cup-1234
2014-11-12 05:30:05  [ main:7 ] - [ INFO ]  black_email_list:390353822@qq.com
2014-11-12 05:30:05  [ main:7 ] - [ INFO ]  my_mail_address:unionpaykssadmin@163.com
2014-11-12 05:30:53  [ main:0 ] - [ INFO ]  mail_receive_host:pop3.163.com
2014-11-12 05:30:53  [ main:1 ] - [ INFO ]  mail_send_host:smtp.163.com
2014-11-12 05:30:53  [ main:1 ] - [ INFO ]  mail_username:unionpaykssadmin
2014-11-12 05:30:53  [ main:1 ] - [ INFO ]  mail_password:cup-1234
2014-11-12 05:30:53  [ main:1 ] - [ INFO ]  black_email_list:390353822@qq.com
2014-11-12 05:30:53  [ main:2 ] - [ INFO ]  my_mail_address:unionpaykssadmin@163.com
2014-11-12 05:31:07  [ main:0 ] - [ INFO ]  mail_receive_host:pop3.163.com
2014-11-12 05:31:07  [ main:1 ] - [ INFO ]  mail_send_host:smtp.163.com
2014-11-12 05:31:07  [ main:1 ] - [ INFO ]  mail_username:unionpaykssadmin
2014-11-12 05:31:07  [ main:1 ] - [ INFO ]  mail_password:cup-1234
2014-11-12 05:31:07  [ main:1 ] - [ INFO ]  black_email_list:390353822@qq.com
2014-11-12 05:31:07  [ main:1 ] - [ INFO ]  my_mail_address:unionpaykssadmin@163.com
2014-11-12 05:36:14  [ main:0 ] - [ INFO ]  mail_receive_host:pop3.163.com
2014-11-12 05:36:14  [ main:1 ] - [ INFO ]  mail_send_host:smtp.163.com
2014-11-12 05:36:14  [ main:2 ] - [ INFO ]  mail_username:unionpaykssadmin
2014-11-12 05:36:14  [ main:2 ] - [ INFO ]  mail_password:cup-1234
2014-11-12 05:36:14  [ main:2 ] - [ INFO ]  black_email_list:390353822@qq.com
2014-11-12 05:36:14  [ main:2 ] - [ INFO ]  my_mail_address:unionpaykssadmin@163.com
2014-11-12 05:36:53  [ main:0 ] - [ INFO ]  mail_receive_host:pop3.163.com
2014-11-12 05:36:53  [ main:1 ] - [ INFO ]  mail_send_host:smtp.163.com
2014-11-12 05:36:53  [ main:1 ] - [ INFO ]  mail_username:unionpaykssadmin
2014-11-12 05:36:53  [ main:1 ] - [ INFO ]  mail_password:cup-1234
2014-11-12 05:36:53  [ main:1 ] - [ INFO ]  black_email_list:390353822@qq.com
2014-11-12 05:36:53  [ main:2 ] - [ INFO ]  my_mail_address:unionpaykssadmin@163.com
2014-11-12 05:41:01  [ main:1 ] - [ INFO ]  mail_receive_host:pop3.163.com
2014-11-12 05:41:01  [ main:2 ] - [ INFO ]  mail_send_host:smtp.163.com
2014-11-12 05:41:01  [ main:2 ] - [ INFO ]  mail_username:unionpaykssadmin
2014-11-12 05:41:01  [ main:2 ] - [ INFO ]  mail_password:cup-1234
2014-11-12 05:41:01  [ main:2 ] - [ INFO ]  black_email_list:390353822@qq.com
2014-11-12 05:41:01  [ main:2 ] - [ INFO ]  my_mail_address:unionpaykssadmin@163.com
2014-11-12 05:55:31  [ main:1 ] - [ INFO ]  mail_receive_host:pop3.163.com
2014-11-12 05:55:31  [ main:1 ] - [ INFO ]  mail_send_host:smtp.163.com
2014-11-12 05:55:31  [ main:2 ] - [ INFO ]  mail_username:unionpaykssadmin
2014-11-12 05:55:31  [ main:2 ] - [ INFO ]  mail_password:cup-1234
2014-11-12 05:55:31  [ main:2 ] - [ INFO ]  black_email_list:390353822@qq.com
2014-11-12 05:55:31  [ main:3 ] - [ INFO ]  my_mail_address:unionpaykssadmin@163.com
2014-11-12 05:57:46  [ main:0 ] - [ INFO ]  mail_receive_host:pop3.163.com
2014-11-12 05:57:46  [ main:1 ] - [ INFO ]  mail_send_host:smtp.163.com
2014-11-12 05:57:46  [ main:1 ] - [ INFO ]  mail_username:unionpaykssadmin
2014-11-12 05:57:46  [ main:1 ] - [ INFO ]  mail_password:cup-1234
2014-11-12 05:57:46  [ main:2 ] - [ INFO ]  black_email_list:390353822@qq.com
2014-11-12 05:57:46  [ main:2 ] - [ INFO ]  my_mail_address:unionpaykssadmin@163.com
2014-11-12 06:13:25  [ main:1 ] - [ INFO ]  mail_receive_host:pop3.163.com
2014-11-12 06:13:25  [ main:2 ] - [ INFO ]  mail_send_host:smtp.163.com
2014-11-12 06:13:25  [ main:2 ] - [ INFO ]  mail_username:unionpaykssadmin
2014-11-12 06:13:25  [ main:2 ] - [ INFO ]  mail_password:cup-1234
2014-11-12 06:13:25  [ main:2 ] - [ INFO ]  black_email_list:390353822@qq.com
2014-11-12 06:13:25  [ main:2 ] - [ INFO ]  my_mail_address:unionpaykssadmin@163.com
2014-11-12 06:20:11  [ main:0 ] - [ INFO ]  mail_receive_host:pop3.163.com
2014-11-12 06:20:11  [ main:1 ] - [ INFO ]  mail_send_host:smtp.163.com
2014-11-12 06:20:11  [ main:1 ] - [ INFO ]  mail_username:unionpaykssadmin
2014-11-12 06:20:11  [ main:1 ] - [ INFO ]  mail_password:cup-1234
2014-11-12 06:20:11  [ main:1 ] - [ INFO ]  black_email_list:390353822@qq.com
2014-11-12 06:20:11  [ main:1 ] - [ INFO ]  my_mail_address:unionpaykssadmin@163.com
2014-11-12 06:22:18  [ main:1 ] - [ INFO ]  mail_receive_host:pop3.163.com
2014-11-12 06:22:18  [ main:2 ] - [ INFO ]  mail_send_host:smtp.163.com
2014-11-12 06:22:18  [ main:2 ] - [ INFO ]  mail_username:unionpaykssadmin
2014-11-12 06:22:18  [ main:2 ] - [ INFO ]  mail_password:cup-1234
2014-11-12 06:22:18  [ main:2 ] - [ INFO ]  black_email_list:390353822@qq.com
2014-11-12 06:22:18  [ main:2 ] - [ INFO ]  my_mail_address:unionpaykssadmin@163.com
2014-11-12 06:27:20  [ main:1 ] - [ INFO ]  mail_receive_host:pop3.163.com
2014-11-12 06:27:20  [ main:21 ] - [ INFO ]  mail_send_host:smtp.163.com
2014-11-12 06:27:20  [ main:21 ] - [ INFO ]  mail_username:unionpaykssadmin
2014-11-12 06:27:20  [ main:21 ] - [ INFO ]  mail_password:cup-1234
2014-11-12 06:27:20  [ main:21 ] - [ INFO ]  black_email_list:390353822@qq.com
2014-11-12 06:27:20  [ main:21 ] - [ INFO ]  my_mail_address:unionpaykssadmin@163.com
2014-11-12 06:30:57  [ main:0 ] - [ INFO ]  mail_receive_host:pop3.163.com
2014-11-12 06:30:57  [ main:0 ] - [ INFO ]  mail_send_host:smtp.163.com
2014-11-12 06:30:57  [ main:1 ] - [ INFO ]  mail_username:unionpaykssadmin
2014-11-12 06:30:57  [ main:1 ] - [ INFO ]  mail_password:cup-1234
2014-11-12 06:30:57  [ main:1 ] - [ INFO ]  black_email_list:390353822@qq.com
2014-11-12 06:30:57  [ main:1 ] - [ INFO ]  my_mail_address:unionpaykssadmin@163.com
2014-11-12 06:48:11  [ main:0 ] - [ INFO ]  mail_receive_host:pop3.163.com
2014-11-12 06:48:11  [ main:2 ] - [ INFO ]  mail_send_host:smtp.163.com
2014-11-12 06:48:11  [ main:2 ] - [ INFO ]  mail_username:unionpaykssadmin
2014-11-12 06:48:11  [ main:2 ] - [ INFO ]  mail_password:cup-1234
2014-11-12 06:48:11  [ main:2 ] - [ INFO ]  black_email_list:390353822@qq.com
2014-11-12 06:48:11  [ main:2 ] - [ INFO ]  my_mail_address:unionpaykssadmin@163.com
2014-11-12 06:51:58  [ main:0 ] - [ INFO ]  mail_receive_host:pop3.163.com
2014-11-12 06:51:58  [ main:1 ] - [ INFO ]  mail_send_host:smtp.163.com
2014-11-12 06:51:58  [ main:1 ] - [ INFO ]  mail_username:unionpaykssadmin
2014-11-12 06:51:58  [ main:1 ] - [ INFO ]  mail_password:cup-1234
2014-11-12 06:51:58  [ main:1 ] - [ INFO ]  black_email_list:390353822@qq.com
2014-11-12 06:51:58  [ main:1 ] - [ INFO ]  my_mail_address:unionpaykssadmin@163.com
2014-11-12 06:53:38  [ main:0 ] - [ INFO ]  mail_receive_host:pop3.163.com
2014-11-12 06:53:38  [ main:1 ] - [ INFO ]  mail_send_host:smtp.163.com
2014-11-12 06:53:38  [ main:1 ] - [ INFO ]  mail_username:unionpaykssadmin
2014-11-12 06:53:38  [ main:1 ] - [ INFO ]  mail_password:cup-1234
2014-11-12 06:53:38  [ main:1 ] - [ INFO ]  black_email_list:390353822@qq.com
2014-11-12 06:53:38  [ main:1 ] - [ INFO ]  my_mail_address:unionpaykssadmin@163.com
2014-11-12 06:57:50  [ main:0 ] - [ INFO ]  mail_receive_host:pop3.163.com
2014-11-12 06:57:50  [ main:1 ] - [ INFO ]  mail_send_host:smtp.163.com
2014-11-12 06:57:50  [ main:2 ] - [ INFO ]  mail_username:unionpaykssadmin
2014-11-12 06:57:50  [ main:2 ] - [ INFO ]  mail_password:cup-1234
2014-11-12 06:57:50  [ main:2 ] - [ INFO ]  black_email_list:390353822@qq.com
2014-11-12 06:57:50  [ main:2 ] - [ INFO ]  my_mail_address:unionpaykssadmin@163.com
2014-11-12 07:19:56  [ main:0 ] - [ INFO ]  mail_receive_host:pop3.163.com
2014-11-12 07:19:56  [ main:1 ] - [ INFO ]  mail_send_host:smtp.163.com
2014-11-12 07:19:56  [ main:1 ] - [ INFO ]  mail_username:unionpaykssadmin
2014-11-12 07:19:56  [ main:1 ] - [ INFO ]  mail_password:cup-1234
2014-11-12 07:19:56  [ main:1 ] - [ INFO ]  black_email_list:390353822@qq.com
2014-11-12 07:19:56  [ main:1 ] - [ INFO ]  my_mail_address:unionpaykssadmin@163.com
2014-11-12 07:22:02  [ main:0 ] - [ INFO ]  mail_receive_host:pop3.163.com
2014-11-12 07:22:02  [ main:1 ] - [ INFO ]  mail_send_host:smtp.163.com
2014-11-12 07:22:02  [ main:1 ] - [ INFO ]  mail_username:unionpaykssadmin
2014-11-12 07:22:02  [ main:1 ] - [ INFO ]  mail_password:cup-1234
2014-11-12 07:22:02  [ main:1 ] - [ INFO ]  black_email_list:390353822@qq.com
2014-11-12 07:22:02  [ main:1 ] - [ INFO ]  my_mail_address:unionpaykssadmin@163.com
2014-11-12 07:25:50  [ main:0 ] - [ INFO ]  mail_receive_host:pop3.163.com
2014-11-12 07:25:50  [ main:1 ] - [ INFO ]  mail_send_host:smtp.163.com
2014-11-12 07:25:50  [ main:1 ] - [ INFO ]  mail_username:unionpaykssadmin
2014-11-12 07:25:50  [ main:1 ] - [ INFO ]  mail_password:cup-1234
2014-11-12 07:25:50  [ main:1 ] - [ INFO ]  black_email_list:390353822@qq.com
2014-11-12 07:25:50  [ main:1 ] - [ INFO ]  my_mail_address:unionpaykssadmin@163.com
2014-11-12 07:53:01  [ main:0 ] - [ INFO ]  mail_receive_host:pop3.163.com
2014-11-12 07:53:01  [ main:1 ] - [ INFO ]  mail_send_host:smtp.163.com
2014-11-12 07:53:01  [ main:1 ] - [ INFO ]  mail_username:unionpaykssadmin
2014-11-12 07:53:01  [ main:1 ] - [ INFO ]  mail_password:cup-1234
2014-11-12 07:53:01  [ main:1 ] - [ INFO ]  black_email_list:390353822@qq.com
2014-11-12 07:53:01  [ main:1 ] - [ INFO ]  my_mail_address:unionpaykssadmin@163.com
2014-11-12 07:58:15  [ main:0 ] - [ INFO ]  mail_receive_host:pop3.163.com
2014-11-12 07:58:15  [ main:1 ] - [ INFO ]  mail_send_host:smtp.163.com
2014-11-12 07:58:15  [ main:1 ] - [ INFO ]  mail_username:unionpaykssadmin
2014-11-12 07:58:15  [ main:1 ] - [ INFO ]  mail_password:cup-1234
2014-11-12 07:58:15  [ main:1 ] - [ INFO ]  black_email_list:390353822@qq.com
2014-11-12 07:58:15  [ main:1 ] - [ INFO ]  my_mail_address:unionpaykssadmin@163.com
2014-11-12 08:01:39  [ main:0 ] - [ INFO ]  mail_receive_host:pop3.163.com
2014-11-12 08:01:39  [ main:1 ] - [ INFO ]  mail_send_host:smtp.163.com
2014-11-12 08:01:39  [ main:1 ] - [ INFO ]  mail_username:unionpaykssadmin
2014-11-12 08:01:39  [ main:1 ] - [ INFO ]  mail_password:cup-1234
2014-11-12 08:01:39  [ main:1 ] - [ INFO ]  black_email_list:390353822@qq.com
2014-11-12 08:01:39  [ main:1 ] - [ INFO ]  my_mail_address:unionpaykssadmin@163.com
